<?xml version="1.0" encoding="UTF-8"?>
<Site BuildName="Linux-g++"
	BuildStamp="20231215-2145-Experimental"
	Name="LAPTOP-L7UKRGAO"
	Generator="ctest-3.22.1"
	CompilerName="/usr/bin/g++"
	CompilerVersion="11.4.0"
	OSName="Linux"
	Hostname="LAPTOP-L7UKRGAO"
	OSRelease="5.15.133.1-microsoft-standard-WSL2"
	OSVersion="#1 SMP Thu Oct 5 21:02:42 UTC 2023"
	OSPlatform="x86_64"
	Is64Bits="1"
	VendorString="GenuineIntel"
	VendorID="Intel Corporation"
	FamilyID="6"
	ModelID="154"
	ProcessorCacheSize="24576"
	NumberOfLogicalCPU="20"
	NumberOfPhysicalCPU="10"
	TotalVirtualMemory="0"
	TotalPhysicalMemory="7942"
	LogicalProcessorsPerPhysical="2"
	ProcessorClockFrequency="2688.01"
	>
	<Testing>
		<StartDateTime>Dec 15 16:45 EST</StartDateTime>
		<StartTestTime>1702676748</StartTestTime>
		<TestList/>
		<EndDateTime>Dec 15 16:45 EST</EndDateTime>
		<EndTestTime>1702676748</EndTestTime>
		<ElapsedMinutes>0</ElapsedMinutes>
	</Testing>
</Site>
