<?xml version="1.0" encoding="UTF-8"?>
<Site BuildName="Linux-c++"
	BuildStamp="20231212-0215-Experimental"
	Name="node1635.oscar.ccv.brown.edu"
	Generator="ctest-2.8.12.2"
	CompilerName="/gpfs/runtime/opt/gcc/10.2/bin/c++"
	OSName="Linux"
	Hostname="vscode1.oscar.ccv.brown.edu"
	OSRelease="3.10.0-1160.76.1.el7.x86_64"
	OSVersion="#1 SMP Tue Jul 26 14:15:37 UTC 2022"
	OSPlatform="x86_64"
	Is64Bits="1"
	VendorString="GenuineIntel"
	VendorID="Intel Corporation"
	FamilyID="6"
	ModelID="85"
	ProcessorCacheSize="36608"
	NumberOfLogicalCPU="48"
	NumberOfPhysicalCPU="48"
	TotalVirtualMemory="23999"
	TotalPhysicalMemory="385415"
	LogicalProcessorsPerPhysical="1"
	ProcessorClockFrequency="3571.19"
>
<Testing>
	<StartDateTime>Dec 11 23:58 EST</StartDateTime>
	<StartTestTime>1702357098</StartTestTime>
	<TestList>
	</TestList>
	<EndDateTime>Dec 11 23:58 EST</EndDateTime>
	<EndTestTime>1702357098</EndTestTime>
<ElapsedMinutes>0</ElapsedMinutes></Testing>
</Site>
